<?xml version="1.0" encoding="UTF-8"?>
<!-- Generated by org.testng.reporters.JUnitXMLReporter -->
<testsuite hostname="MAVBCP203" ignored="1" name="Default test" tests="1" failures="0" timestamp="2020-08-07T12:58:18 GMT+05:30" time="70.686" errors="0">
  <testcase name="BookStore" time="69.548" classname="com.maveric.scuba.tests.demoqa.Demoqa"/>
  <testcase name="ProfileForm" time="0.0" classname="com.maveric.scuba.tests.demoqa.Demoqa">
    <ignored/>
  </testcase> <!-- ProfileForm -->
</testsuite> <!-- Default test -->
