<?xml version="1.0" encoding="UTF-8"?>
<!-- Generated by org.testng.reporters.JUnitXMLReporter -->
<testsuite hostname="MAVBCP203" ignored="0" name="DemoQA Assignment" tests="3" failures="0" timestamp="2020-08-05T10:00:52 GMT+05:30" time="151.425" errors="0">
  <testcase name="AllElements" time="14.825" classname="com.maveric.scuba.tests.demoqa.Demoqa"/>
  <testcase name="ProfileForm" time="56.017" classname="com.maveric.scuba.tests.demoqa.Demoqa"/>
  <testcase name="BookStore" time="77.04" classname="com.maveric.scuba.tests.demoqa.Demoqa"/>
</testsuite> <!-- DemoQA Assignment -->
