<?xml version="1.0" encoding="UTF-8"?>
<!-- Generated by org.testng.reporters.JUnitXMLReporter -->
<testsuite hostname="MAVBCP203" ignored="0" name="DemoQA Assignment" tests="3" failures="0" timestamp="2020-08-05T02:41:26 GMT+05:30" time="145.599" errors="0">
  <testcase name="AllElements" time="15.166" classname="com.maveric.scuba.tests.demoqa.Demoqa"/>
  <testcase name="ProfileForm" time="54.627" classname="com.maveric.scuba.tests.demoqa.Demoqa"/>
  <testcase name="BookStore" time="72.171" classname="com.maveric.scuba.tests.demoqa.Demoqa"/>
</testsuite> <!-- DemoQA Assignment -->
